<?xml version="1.0" encoding="UTF-8"?>
<!-- Generated by org.testng.reporters.JUnitReportReporter -->
<testsuite hostname="Home-ПК" name="test.StartTest" tests="2" failures="0" timestamp="22 Jan 2019 21:06:33 GMT" time="12.012" errors="0">
  <testcase name="cianSeach" time="2.778" classname="test.StartTest"/>
  <testcase name="cianSeach" time="9.234" classname="test.StartTest"/>
</testsuite> <!-- test.StartTest -->
